This is pdfTeX, Version 3.1415926-1.40.10 (TeX Live 2009) (format=pdflatex 2010.6.10)  20 SEP 2011 09:21
entering extended mode
 %&-line parsing enabled.
**\input DAADreport.tex
(./DAADreport.tex

! LaTeX Error: File `article.cls' not found.

Type X to quit or <RETURN> to proceed,
or enter new name. (Default extension: cls)

Enter file name: 
! Emergency stop.
<read *> 
         
l.2 \setlength
              {\parindent}{0in}^^M
*** (cannot \read from terminal in nonstop modes)

 
Here is how much of TeX's memory you used:
 10 strings out of 493848
 195 string characters out of 3149207
 48936 words of memory out of 3000000
 3384 multiletter control sequences out of 15000+200000
 3640 words of font info for 14 fonts, out of 3000000 for 9000
 714 hyphenation exceptions out of 8191
 10i,0n,7p,75b,8s stack positions out of 5000i,500n,10000p,200000b,50000s
!  ==> Fatal error occurred, no output PDF file produced!
